build/outputs/logs/manifest-merger-debug-report.txt
-- Merging decision tree log ---
manifest
ADDED from src\main\AndroidManifest.xml:2:1-33:12
INJECTED from src\main\AndroidManifest.xml:2:1-33:12
INJECTED from src\main\AndroidManifest.xml:2:1-33:12
INJECTED from src\main\AndroidManifest.xml:2:1-33:12
MERGED from [com.android.support:multidex:1.0.2] AndroidManifest.xml:17:1-22:12
MERGED from [com.crashlytics.sdk.android:crashlytics:2.6.5] AndroidManifest.xml:2:1-13:12
MERGED from [com.payumoney.sdkui:plug-n-play:1.5.0] AndroidManifest.xml:2:1-31:12
MERGED from [com.payumoney.core:payumoney-sdk:7.5.0] AndroidManifest.xml:2:1-43:12
MERGED from [com.android.support:design:28.0.0] AndroidManifest.xml:17:1-24:12
MERGED from [com.android.support:cardview-v7:28.0.0] AndroidManifest.xml:17:1-22:12
MERGED from [com.payu.custombrowser:payu-custom-browser:7.3.0] AndroidManifest.xml:2:1-50:12
MERGED from [com.payu.magicretry:magicretry:1.0.6] AndroidManifest.xml:2:1-24:12
MERGED from [com.android.support:appcompat-v7:28.0.0] AndroidManifest.xml:17:1-22:12
MERGED from [com.crashlytics.sdk.android:beta:1.2.2] AndroidManifest.xml:2:1-13:12
MERGED from [com.crashlytics.sdk.android:crashlytics-core:2.3.14] AndroidManifest.xml:2:1-13:12
MERGED from [com.crashlytics.sdk.android:answers:1.3.10] AndroidManifest.xml:2:1-13:12
MERGED from [io.fabric.sdk.android:fabric:1.3.14] AndroidManifest.xml:18:1-29:12
MERGED from [com.payumoney.graphics:asset-download-sdk:0.4.1] AndroidManifest.xml:2:1-19:12
MERGED from [com.android.support:support-v4:26.1.0] AndroidManifest.xml:17:1-31:12
MERGED from [com.android.support:support-fragment:28.0.0] AndroidManifest.xml:17:1-22:12
MERGED from [com.android.support:animated-vector-drawable:28.0.0] AndroidManifest.xml:17:1-22:12
MERGED from [com.android.support:recyclerview-v7:28.0.0] AndroidManifest.xml:17:1-22:12
MERGED from [com.android.support:support-core-ui:28.0.0] AndroidManifest.xml:17:1-22:12
MERGED from [com.android.support:support-core-utils:28.0.0] AndroidManifest.xml:17:1-22:12
MERGED from [com.android.support:support-vector-drawable:28.0.0] AndroidManifest.xml:17:1-22:12
MERGED from [com.android.support:transition:28.0.0] AndroidManifest.xml:17:1-22:12
MERGED from [com.android.support:loader:28.0.0] AndroidManifest.xml:17:1-22:12
MERGED from [com.android.support:support-media-compat:26.1.0] AndroidManifest.xml:17:1-31:12
MERGED from [com.android.support:viewpager:28.0.0] AndroidManifest.xml:17:1-22:12
MERGED from [com.android.support:coordinatorlayout:28.0.0] AndroidManifest.xml:17:1-22:12
MERGED from [com.android.support:drawerlayout:28.0.0] AndroidManifest.xml:17:1-22:12
MERGED from [com.android.support:slidingpanelayout:28.0.0] AndroidManifest.xml:17:1-22:12
MERGED from [com.android.support:customview:28.0.0] AndroidManifest.xml:17:1-22:12
MERGED from [com.android.support:swiperefreshlayout:28.0.0] AndroidManifest.xml:17:1-22:12
MERGED from [com.android.support:asynclayoutinflater:28.0.0] AndroidManifest.xml:17:1-22:12
MERGED from [com.android.support:support-compat:28.0.0] AndroidManifest.xml:17:1-24:12
MERGED from [com.android.support:versionedparcelable:28.0.0] AndroidManifest.xml:17:1-25:12
MERGED from [com.android.support:cursoradapter:28.0.0] AndroidManifest.xml:17:1-22:12
MERGED from [android.arch.lifecycle:runtime:1.1.1] AndroidManifest.xml:17:1-22:12
MERGED from [com.android.support:documentfile:28.0.0] AndroidManifest.xml:17:1-22:12
MERGED from [com.android.support:localbroadcastmanager:28.0.0] AndroidManifest.xml:17:1-22:12
MERGED from [com.android.support:print:28.0.0] AndroidManifest.xml:17:1-22:12
MERGED from [android.arch.lifecycle:viewmodel:1.1.1] AndroidManifest.xml:17:1-22:12
MERGED from [com.android.support:interpolator:28.0.0] AndroidManifest.xml:17:1-22:12
MERGED from [android.arch.lifecycle:livedata:1.1.1] AndroidManifest.xml:17:1-22:12
MERGED from [android.arch.lifecycle:livedata-core:1.1.1] AndroidManifest.xml:17:1-22:12
MERGED from [android.arch.core:runtime:1.1.1] AndroidManifest.xml:17:1-22:12
MERGED from [com.github.aakira:expandable-layout:1.6.0] AndroidManifest.xml:2:1-14:12
MERGED from [com.android.volley:volley:1.1.1] AndroidManifest.xml:2:1-11:12
MERGED from [com.google.android.gms:play-services-auth-api-phone:16.0.0] AndroidManifest.xml:2:1-7:12
MERGED from [com.google.android.gms:play-services-base:16.0.1] AndroidManifest.xml:17:1-29:12
MERGED from [com.google.android.gms:play-services-tasks:16.0.1] AndroidManifest.xml:2:1-9:12
MERGED from [com.google.android.gms:play-services-basement:16.0.1] AndroidManifest.xml:17:1-28:12
INJECTED from src\main\AndroidManifest.xml:2:1-33:12
INJECTED from src\main\AndroidManifest.xml:2:1-33:12
INJECTED from src\main\AndroidManifest.xml:2:1-33:12
	package
		ADDED from src\main\AndroidManifest.xml:4:5-63
		INJECTED from src\main\AndroidManifest.xml
		INJECTED from src\main\AndroidManifest.xml
	android:versionName
		INJECTED from src\main\AndroidManifest.xml
		ADDED from src\main\AndroidManifest.xml:2:1-33:12
		INJECTED from src\main\AndroidManifest.xml
	xmlns:tools
		ADDED from src\main\AndroidManifest.xml:3:5-51
	android:versionCode
		INJECTED from src\main\AndroidManifest.xml
		ADDED from src\main\AndroidManifest.xml:2:1-33:12
		INJECTED from src\main\AndroidManifest.xml
	xmlns:android
		ADDED from src\main\AndroidManifest.xml:2:11-69
uses-permission#android.permission.ACCESS_COARSE_LOCATION
ADDED from src\main\AndroidManifest.xml:6:5-81
	android:name
		ADDED from src\main\AndroidManifest.xml:6:22-78
uses-permission#android.permission.ACCESS_FINE_LOCATION
ADDED from src\main\AndroidManifest.xml:7:5-79
	android:name
		ADDED from src\main\AndroidManifest.xml:7:22-76
uses-permission#android.permission.INTERNET
ADDED from src\main\AndroidManifest.xml:9:5-67
MERGED from [com.crashlytics.sdk.android:crashlytics:2.6.5] AndroidManifest.xml:9:5-67
MERGED from [com.crashlytics.sdk.android:crashlytics:2.6.5] AndroidManifest.xml:9:5-67
MERGED from [com.payumoney.sdkui:plug-n-play:1.5.0] AndroidManifest.xml:12:5-67
MERGED from [com.payumoney.sdkui:plug-n-play:1.5.0] AndroidManifest.xml:12:5-67
MERGED from [com.payumoney.core:payumoney-sdk:7.5.0] AndroidManifest.xml:16:5-67
MERGED from [com.payumoney.core:payumoney-sdk:7.5.0] AndroidManifest.xml:16:5-67
MERGED from [com.crashlytics.sdk.android:beta:1.2.2] AndroidManifest.xml:9:5-67
MERGED from [com.crashlytics.sdk.android:beta:1.2.2] AndroidManifest.xml:9:5-67
MERGED from [com.crashlytics.sdk.android:crashlytics-core:2.3.14] AndroidManifest.xml:9:5-67
MERGED from [com.crashlytics.sdk.android:crashlytics-core:2.3.14] AndroidManifest.xml:9:5-67
MERGED from [com.crashlytics.sdk.android:answers:1.3.10] AndroidManifest.xml:9:5-67
MERGED from [com.crashlytics.sdk.android:answers:1.3.10] AndroidManifest.xml:9:5-67
MERGED from [io.fabric.sdk.android:fabric:1.3.14] AndroidManifest.xml:25:5-67
MERGED from [io.fabric.sdk.android:fabric:1.3.14] AndroidManifest.xml:25:5-67
MERGED from [com.payumoney.graphics:asset-download-sdk:0.4.1] AndroidManifest.xml:11:5-67
MERGED from [com.payumoney.graphics:asset-download-sdk:0.4.1] AndroidManifest.xml:11:5-67
	android:name
		ADDED from src\main\AndroidManifest.xml:9:22-64
uses-permission#android.permission.ACCESS_WIFI_STATE
ADDED from src\main\AndroidManifest.xml:10:5-76
MERGED from [com.payumoney.core:payumoney-sdk:7.5.0] AndroidManifest.xml:13:5-76
MERGED from [com.payumoney.core:payumoney-sdk:7.5.0] AndroidManifest.xml:13:5-76
	android:name
		ADDED from src\main\AndroidManifest.xml:10:22-73
application
ADDED from src\main\AndroidManifest.xml:12:5-31:19
MERGED from [com.crashlytics.sdk.android:crashlytics:2.6.5] AndroidManifest.xml:11:5-20
MERGED from [com.crashlytics.sdk.android:crashlytics:2.6.5] AndroidManifest.xml:11:5-20
MERGED from [com.payumoney.sdkui:plug-n-play:1.5.0] AndroidManifest.xml:16:5-29:19
MERGED from [com.payumoney.sdkui:plug-n-play:1.5.0] AndroidManifest.xml:16:5-29:19
MERGED from [com.payumoney.core:payumoney-sdk:7.5.0] AndroidManifest.xml:28:5-41:19
MERGED from [com.payumoney.core:payumoney-sdk:7.5.0] AndroidManifest.xml:28:5-41:19
MERGED from [com.android.support:design:28.0.0] AndroidManifest.xml:22:5-20
MERGED from [com.android.support:design:28.0.0] AndroidManifest.xml:22:5-20
MERGED from [com.payu.custombrowser:payu-custom-browser:7.3.0] AndroidManifest.xml:17:5-48:19
MERGED from [com.payu.custombrowser:payu-custom-browser:7.3.0] AndroidManifest.xml:17:5-48:19
MERGED from [com.payu.magicretry:magicretry:1.0.6] AndroidManifest.xml:11:5-22:19
MERGED from [com.payu.magicretry:magicretry:1.0.6] AndroidManifest.xml:11:5-22:19
MERGED from [com.crashlytics.sdk.android:beta:1.2.2] AndroidManifest.xml:11:5-20
MERGED from [com.crashlytics.sdk.android:beta:1.2.2] AndroidManifest.xml:11:5-20
MERGED from [com.crashlytics.sdk.android:crashlytics-core:2.3.14] AndroidManifest.xml:11:5-20
MERGED from [com.crashlytics.sdk.android:crashlytics-core:2.3.14] AndroidManifest.xml:11:5-20
MERGED from [com.crashlytics.sdk.android:answers:1.3.10] AndroidManifest.xml:11:5-20
MERGED from [com.crashlytics.sdk.android:answers:1.3.10] AndroidManifest.xml:11:5-20
MERGED from [io.fabric.sdk.android:fabric:1.3.14] AndroidManifest.xml:27:5-20
MERGED from [io.fabric.sdk.android:fabric:1.3.14] AndroidManifest.xml:27:5-20
MERGED from [com.payumoney.graphics:asset-download-sdk:0.4.1] AndroidManifest.xml:13:5-17:19
MERGED from [com.payumoney.graphics:asset-download-sdk:0.4.1] AndroidManifest.xml:13:5-17:19
MERGED from [com.android.support:support-v4:26.1.0] AndroidManifest.xml:25:5-29:19
MERGED from [com.android.support:support-v4:26.1.0] AndroidManifest.xml:25:5-29:19
MERGED from [com.android.support:support-media-compat:26.1.0] AndroidManifest.xml:25:5-29:19
MERGED from [com.android.support:support-media-compat:26.1.0] AndroidManifest.xml:25:5-29:19
MERGED from [com.android.support:support-compat:28.0.0] AndroidManifest.xml:22:5-94
MERGED from [com.android.support:support-compat:28.0.0] AndroidManifest.xml:22:5-94
MERGED from [com.android.support:versionedparcelable:28.0.0] AndroidManifest.xml:22:5-23:19
MERGED from [com.android.support:versionedparcelable:28.0.0] AndroidManifest.xml:22:5-23:19
MERGED from [com.github.aakira:expandable-layout:1.6.0] AndroidManifest.xml:12:5-20
MERGED from [com.github.aakira:expandable-layout:1.6.0] AndroidManifest.xml:12:5-20
MERGED from [com.android.volley:volley:1.1.1] AndroidManifest.xml:9:5-20
MERGED from [com.android.volley:volley:1.1.1] AndroidManifest.xml:9:5-20
MERGED from [com.google.android.gms:play-services-base:16.0.1] AndroidManifest.xml:22:5-27:19
MERGED from [com.google.android.gms:play-services-base:16.0.1] AndroidManifest.xml:22:5-27:19
MERGED from [com.google.android.gms:play-services-tasks:16.0.1] AndroidManifest.xml:7:5-20
MERGED from [com.google.android.gms:play-services-tasks:16.0.1] AndroidManifest.xml:7:5-20
MERGED from [com.google.android.gms:play-services-basement:16.0.1] AndroidManifest.xml:22:5-26:19
MERGED from [com.google.android.gms:play-services-basement:16.0.1] AndroidManifest.xml:22:5-26:19
	android:appComponentFactory
		ADDED from [com.android.support:support-compat:28.0.0] AndroidManifest.xml:22:18-91
	android:supportsRtl
		ADDED from src\main\AndroidManifest.xml:17:9-35
	android:label
		ADDED from src\main\AndroidManifest.xml:16:9-41
	android:windowSoftInputMode
		ADDED from [com.payumoney.core:payumoney-sdk:7.5.0] AndroidManifest.xml:30:9-48
	android:icon
		ADDED from src\main\AndroidManifest.xml:15:9-43
	android:allowBackup
		ADDED from src\main\AndroidManifest.xml:14:9-36
		REJECTED from [com.payumoney.sdkui:plug-n-play:1.5.0] AndroidManifest.xml:17:9-36
		REJECTED from [com.payumoney.graphics:asset-download-sdk:0.4.1] AndroidManifest.xml:14:9-36
	android:theme
		ADDED from src\main\AndroidManifest.xml:18:9-40
	tools:replace
		ADDED from src\main\AndroidManifest.xml:19:9-44
	android:usesCleartextTraffic
		ADDED from [com.payu.custombrowser:payu-custom-browser:7.3.0] AndroidManifest.xml:17:18-54
	android:name
		ADDED from src\main\AndroidManifest.xml:13:9-89
activity#com.womsolution.integrationsampleapp_payumoneypnp.MainActivity
ADDED from src\main\AndroidManifest.xml:20:9-26:20
	android:name
		ADDED from src\main\AndroidManifest.xml:20:19-96
intent-filter#action:name:android.intent.action.MAIN+category:name:android.intent.category.LAUNCHER
ADDED from src\main\AndroidManifest.xml:21:13-25:29
action#android.intent.action.MAIN
ADDED from src\main\AndroidManifest.xml:22:17-69
	android:name
		ADDED from src\main\AndroidManifest.xml:22:25-66
category#android.intent.category.LAUNCHER
ADDED from src\main\AndroidManifest.xml:24:17-77
	android:name
		ADDED from src\main\AndroidManifest.xml:24:27-74
meta-data#io.fabric.ApiKey
ADDED from src\main\AndroidManifest.xml:28:9-30:72
	android:value
		ADDED from src\main\AndroidManifest.xml:30:13-69
	android:name
		ADDED from src\main\AndroidManifest.xml:29:13-44
uses-sdk
INJECTED from src\main\AndroidManifest.xml reason: use-sdk injection requested
INJECTED from src\main\AndroidManifest.xml
INJECTED from src\main\AndroidManifest.xml
MERGED from [com.android.support:multidex:1.0.2] AndroidManifest.xml:20:5-43
MERGED from [com.android.support:multidex:1.0.2] AndroidManifest.xml:20:5-43
MERGED from [com.crashlytics.sdk.android:crashlytics:2.6.5] AndroidManifest.xml:7:5-43
MERGED from [com.crashlytics.sdk.android:crashlytics:2.6.5] AndroidManifest.xml:7:5-43
MERGED from [com.payumoney.sdkui:plug-n-play:1.5.0] AndroidManifest.xml:8:5-10:41
MERGED from [com.payumoney.sdkui:plug-n-play:1.5.0] AndroidManifest.xml:8:5-10:41
MERGED from [com.payumoney.core:payumoney-sdk:7.5.0] AndroidManifest.xml:8:5-10:41
MERGED from [com.payumoney.core:payumoney-sdk:7.5.0] AndroidManifest.xml:8:5-10:41
MERGED from [com.android.support:design:28.0.0] AndroidManifest.xml:20:5-44
MERGED from [com.android.support:design:28.0.0] AndroidManifest.xml:20:5-44
MERGED from [com.android.support:cardview-v7:28.0.0] AndroidManifest.xml:20:5-44
MERGED from [com.android.support:cardview-v7:28.0.0] AndroidManifest.xml:20:5-44
MERGED from [com.payu.custombrowser:payu-custom-browser:7.3.0] AndroidManifest.xml:7:5-9:41
MERGED from [com.payu.custombrowser:payu-custom-browser:7.3.0] AndroidManifest.xml:7:5-9:41
MERGED from [com.payu.magicretry:magicretry:1.0.6] AndroidManifest.xml:7:5-9:41
MERGED from [com.payu.magicretry:magicretry:1.0.6] AndroidManifest.xml:7:5-9:41
MERGED from [com.android.support:appcompat-v7:28.0.0] AndroidManifest.xml:20:5-44
MERGED from [com.android.support:appcompat-v7:28.0.0] AndroidManifest.xml:20:5-44
MERGED from [com.crashlytics.sdk.android:beta:1.2.2] AndroidManifest.xml:7:5-43
MERGED from [com.crashlytics.sdk.android:beta:1.2.2] AndroidManifest.xml:7:5-43
MERGED from [com.crashlytics.sdk.android:crashlytics-core:2.3.14] AndroidManifest.xml:7:5-43
MERGED from [com.crashlytics.sdk.android:crashlytics-core:2.3.14] AndroidManifest.xml:7:5-43
MERGED from [com.crashlytics.sdk.android:answers:1.3.10] AndroidManifest.xml:7:5-43
MERGED from [com.crashlytics.sdk.android:answers:1.3.10] AndroidManifest.xml:7:5-43
MERGED from [io.fabric.sdk.android:fabric:1.3.14] AndroidManifest.xml:23:5-43
MERGED from [io.fabric.sdk.android:fabric:1.3.14] AndroidManifest.xml:23:5-43
MERGED from [com.payumoney.graphics:asset-download-sdk:0.4.1] AndroidManifest.xml:7:5-9:41
MERGED from [com.payumoney.graphics:asset-download-sdk:0.4.1] AndroidManifest.xml:7:5-9:41
MERGED from [com.android.support:support-v4:26.1.0] AndroidManifest.xml:21:5-23:54
MERGED from [com.android.support:support-v4:26.1.0] AndroidManifest.xml:21:5-23:54
MERGED from [com.android.support:support-fragment:28.0.0] AndroidManifest.xml:20:5-44
MERGED from [com.android.support:support-fragment:28.0.0] AndroidManifest.xml:20:5-44
MERGED from [com.android.support:animated-vector-drawable:28.0.0] AndroidManifest.xml:20:5-44
MERGED from [com.android.support:animated-vector-drawable:28.0.0] AndroidManifest.xml:20:5-44
MERGED from [com.android.support:recyclerview-v7:28.0.0] AndroidManifest.xml:20:5-44
MERGED from [com.android.support:recyclerview-v7:28.0.0] AndroidManifest.xml:20:5-44
MERGED from [com.android.support:support-core-ui:28.0.0] AndroidManifest.xml:20:5-44
MERGED from [com.android.support:support-core-ui:28.0.0] AndroidManifest.xml:20:5-44
MERGED from [com.android.support:support-core-utils:28.0.0] AndroidManifest.xml:20:5-44
MERGED from [com.android.support:support-core-utils:28.0.0] AndroidManifest.xml:20:5-44
MERGED from [com.android.support:support-vector-drawable:28.0.0] AndroidManifest.xml:20:5-44
MERGED from [com.android.support:support-vector-drawable:28.0.0] AndroidManifest.xml:20:5-44
MERGED from [com.android.support:transition:28.0.0] AndroidManifest.xml:20:5-44
MERGED from [com.android.support:transition:28.0.0] AndroidManifest.xml:20:5-44
MERGED from [com.android.support:loader:28.0.0] AndroidManifest.xml:20:5-44
MERGED from [com.android.support:loader:28.0.0] AndroidManifest.xml:20:5-44
MERGED from [com.android.support:support-media-compat:26.1.0] AndroidManifest.xml:21:5-23:63
MERGED from [com.android.support:support-media-compat:26.1.0] AndroidManifest.xml:21:5-23:63
MERGED from [com.android.support:viewpager:28.0.0] AndroidManifest.xml:20:5-44
MERGED from [com.android.support:viewpager:28.0.0] AndroidManifest.xml:20:5-44
MERGED from [com.android.support:coordinatorlayout:28.0.0] AndroidManifest.xml:20:5-44
MERGED from [com.android.support:coordinatorlayout:28.0.0] AndroidManifest.xml:20:5-44
MERGED from [com.android.support:drawerlayout:28.0.0] AndroidManifest.xml:20:5-44
MERGED from [com.android.support:drawerlayout:28.0.0] AndroidManifest.xml:20:5-44
MERGED from [com.android.support:slidingpanelayout:28.0.0] AndroidManifest.xml:20:5-44
MERGED from [com.android.support:slidingpanelayout:28.0.0] AndroidManifest.xml:20:5-44
MERGED from [com.android.support:customview:28.0.0] AndroidManifest.xml:20:5-44
MERGED from [com.android.support:customview:28.0.0] AndroidManifest.xml:20:5-44
MERGED from [com.android.support:swiperefreshlayout:28.0.0] AndroidManifest.xml:20:5-44
MERGED from [com.android.support:swiperefreshlayout:28.0.0] AndroidManifest.xml:20:5-44
MERGED from [com.android.support:asynclayoutinflater:28.0.0] AndroidManifest.xml:20:5-44
MERGED from [com.android.support:asynclayoutinflater:28.0.0] AndroidManifest.xml:20:5-44
MERGED from [com.android.support:support-compat:28.0.0] AndroidManifest.xml:20:5-44
MERGED from [com.android.support:support-compat:28.0.0] AndroidManifest.xml:20:5-44
MERGED from [com.android.support:versionedparcelable:28.0.0] AndroidManifest.xml:20:5-44
MERGED from [com.android.support:versionedparcelable:28.0.0] AndroidManifest.xml:20:5-44
MERGED from [com.android.support:cursoradapter:28.0.0] AndroidManifest.xml:20:5-44
MERGED from [com.android.support:cursoradapter:28.0.0] AndroidManifest.xml:20:5-44
MERGED from [android.arch.lifecycle:runtime:1.1.1] AndroidManifest.xml:20:5-44
MERGED from [android.arch.lifecycle:runtime:1.1.1] AndroidManifest.xml:20:5-44
MERGED from [com.android.support:documentfile:28.0.0] AndroidManifest.xml:20:5-44
MERGED from [com.android.support:documentfile:28.0.0] AndroidManifest.xml:20:5-44
MERGED from [com.android.support:localbroadcastmanager:28.0.0] AndroidManifest.xml:20:5-44
MERGED from [com.android.support:localbroadcastmanager:28.0.0] AndroidManifest.xml:20:5-44
MERGED from [com.android.support:print:28.0.0] AndroidManifest.xml:20:5-44
MERGED from [com.android.support:print:28.0.0] AndroidManifest.xml:20:5-44
MERGED from [android.arch.lifecycle:viewmodel:1.1.1] AndroidManifest.xml:20:5-44
MERGED from [android.arch.lifecycle:viewmodel:1.1.1] AndroidManifest.xml:20:5-44
MERGED from [com.android.support:interpolator:28.0.0] AndroidManifest.xml:20:5-44
MERGED from [com.android.support:interpolator:28.0.0] AndroidManifest.xml:20:5-44
MERGED from [android.arch.lifecycle:livedata:1.1.1] AndroidManifest.xml:20:5-44
MERGED from [android.arch.lifecycle:livedata:1.1.1] AndroidManifest.xml:20:5-44
MERGED from [android.arch.lifecycle:livedata-core:1.1.1] AndroidManifest.xml:20:5-44
MERGED from [android.arch.lifecycle:livedata-core:1.1.1] AndroidManifest.xml:20:5-44
MERGED from [android.arch.core:runtime:1.1.1] AndroidManifest.xml:20:5-44
MERGED from [android.arch.core:runtime:1.1.1] AndroidManifest.xml:20:5-44
MERGED from [com.github.aakira:expandable-layout:1.6.0] AndroidManifest.xml:8:5-10:41
MERGED from [com.github.aakira:expandable-layout:1.6.0] AndroidManifest.xml:8:5-10:41
MERGED from [com.android.volley:volley:1.1.1] AndroidManifest.xml:7:5-43
MERGED from [com.android.volley:volley:1.1.1] AndroidManifest.xml:7:5-43
MERGED from [com.google.android.gms:play-services-auth-api-phone:16.0.0] AndroidManifest.xml:5:5-44
MERGED from [com.google.android.gms:play-services-auth-api-phone:16.0.0] AndroidManifest.xml:5:5-44
MERGED from [com.google.android.gms:play-services-base:16.0.1] AndroidManifest.xml:20:5-44
MERGED from [com.google.android.gms:play-services-base:16.0.1] AndroidManifest.xml:20:5-44
MERGED from [com.google.android.gms:play-services-tasks:16.0.1] AndroidManifest.xml:5:5-44
MERGED from [com.google.android.gms:play-services-tasks:16.0.1] AndroidManifest.xml:5:5-44
MERGED from [com.google.android.gms:play-services-basement:16.0.1] AndroidManifest.xml:20:5-44
MERGED from [com.google.android.gms:play-services-basement:16.0.1] AndroidManifest.xml:20:5-44
INJECTED from src\main\AndroidManifest.xml
INJECTED from src\main\AndroidManifest.xml
	tools:overrideLibrary
		ADDED from [com.android.support:support-v4:26.1.0] AndroidManifest.xml:23:9-51
	android:targetSdkVersion
		INJECTED from src\main\AndroidManifest.xml
		ADDED from src\main\AndroidManifest.xml
		INJECTED from src\main\AndroidManifest.xml
	android:minSdkVersion
		INJECTED from src\main\AndroidManifest.xml
		ADDED from src\main\AndroidManifest.xml
		INJECTED from src\main\AndroidManifest.xml
uses-permission#android.permission.ACCESS_NETWORK_STATE
ADDED from [com.payumoney.sdkui:plug-n-play:1.5.0] AndroidManifest.xml:14:5-79
MERGED from [com.payumoney.core:payumoney-sdk:7.5.0] AndroidManifest.xml:12:5-79
MERGED from [com.payumoney.core:payumoney-sdk:7.5.0] AndroidManifest.xml:12:5-79
MERGED from [com.payu.custombrowser:payu-custom-browser:7.3.0] AndroidManifest.xml:11:5-79
MERGED from [com.payu.custombrowser:payu-custom-browser:7.3.0] AndroidManifest.xml:11:5-79
	android:name
		ADDED from [com.payumoney.sdkui:plug-n-play:1.5.0] AndroidManifest.xml:14:22-76
activity#com.payumoney.sdkui.ui.activities.PayUmoneyActivity
ADDED from [com.payumoney.sdkui:plug-n-play:1.5.0] AndroidManifest.xml:19:9-24:55
	android:screenOrientation
		ADDED from [com.payumoney.sdkui:plug-n-play:1.5.0] AndroidManifest.xml:22:13-49
	android:label
		ADDED from [com.payumoney.sdkui:plug-n-play:1.5.0] AndroidManifest.xml:21:13-58
	android:windowSoftInputMode
		ADDED from [com.payumoney.sdkui:plug-n-play:1.5.0] AndroidManifest.xml:24:13-52
	android:theme
		ADDED from [com.payumoney.sdkui:plug-n-play:1.5.0] AndroidManifest.xml:23:13-53
	android:name
		ADDED from [com.payumoney.sdkui:plug-n-play:1.5.0] AndroidManifest.xml:20:13-79
activity#com.payumoney.sdkui.ui.activities.ReviewOrderActivity
ADDED from [com.payumoney.sdkui:plug-n-play:1.5.0] AndroidManifest.xml:25:9-28:56
	android:screenOrientation
		ADDED from [com.payumoney.sdkui:plug-n-play:1.5.0] AndroidManifest.xml:27:13-49
	android:theme
		ADDED from [com.payumoney.sdkui:plug-n-play:1.5.0] AndroidManifest.xml:28:13-53
	android:name
		ADDED from [com.payumoney.sdkui:plug-n-play:1.5.0] AndroidManifest.xml:26:13-81
uses-feature#android.hardware.telephony
ADDED from [com.payumoney.core:payumoney-sdk:7.5.0] AndroidManifest.xml:24:5-26:36
	android:required
		ADDED from [com.payumoney.core:payumoney-sdk:7.5.0] AndroidManifest.xml:26:9-33
	android:name
		ADDED from [com.payumoney.core:payumoney-sdk:7.5.0] AndroidManifest.xml:25:9-50
activity#com.payumoney.core.SdkWebViewActivityNew
ADDED from [com.payumoney.core:payumoney-sdk:7.5.0] AndroidManifest.xml:31:9-34:72
	android:screenOrientation
		ADDED from [com.payumoney.core:payumoney-sdk:7.5.0] AndroidManifest.xml:33:13-49
	android:theme
		ADDED from [com.payumoney.core:payumoney-sdk:7.5.0] AndroidManifest.xml:34:13-69
	android:name
		ADDED from [com.payumoney.core:payumoney-sdk:7.5.0] AndroidManifest.xml:32:13-68
activity#com.payu.custombrowser.CBActivity
ADDED from [com.payumoney.core:payumoney-sdk:7.5.0] AndroidManifest.xml:35:9-40:59
MERGED from [com.payu.custombrowser:payu-custom-browser:7.3.0] AndroidManifest.xml:18:9-21:63
MERGED from [com.payu.custombrowser:payu-custom-browser:7.3.0] AndroidManifest.xml:18:9-21:63
	android:screenOrientation
		ADDED from [com.payumoney.core:payumoney-sdk:7.5.0] AndroidManifest.xml:37:13-49
	android:windowSoftInputMode
		ADDED from [com.payumoney.core:payumoney-sdk:7.5.0] AndroidManifest.xml:39:13-60
		REJECTED from [com.payu.custombrowser:payu-custom-browser:7.3.0] AndroidManifest.xml:21:13-60
	android:theme
		ADDED from [com.payumoney.core:payumoney-sdk:7.5.0] AndroidManifest.xml:38:13-51
	tools:replace
		ADDED from [com.payumoney.core:payumoney-sdk:7.5.0] AndroidManifest.xml:40:13-56
	android:name
		ADDED from [com.payumoney.core:payumoney-sdk:7.5.0] AndroidManifest.xml:36:13-61
service#com.payu.custombrowser.services.SnoozeService
ADDED from [com.payu.custombrowser:payu-custom-browser:7.3.0] AndroidManifest.xml:23:9-81
	android:name
		ADDED from [com.payu.custombrowser:payu-custom-browser:7.3.0] AndroidManifest.xml:23:18-78
activity#com.payu.custombrowser.upiintent.PaymentResponseActivity
ADDED from [com.payu.custombrowser:payu-custom-browser:7.3.0] AndroidManifest.xml:25:9-28:63
	android:windowSoftInputMode
		ADDED from [com.payu.custombrowser:payu-custom-browser:7.3.0] AndroidManifest.xml:28:13-60
	android:theme
		ADDED from [com.payu.custombrowser:payu-custom-browser:7.3.0] AndroidManifest.xml:27:13-53
	android:name
		ADDED from [com.payu.custombrowser:payu-custom-browser:7.3.0] AndroidManifest.xml:26:13-84
activity#com.payu.custombrowser.PreLollipopPaymentsActivity
ADDED from [com.payu.custombrowser:payu-custom-browser:7.3.0] AndroidManifest.xml:29:9-46:20
	android:name
		ADDED from [com.payu.custombrowser:payu-custom-browser:7.3.0] AndroidManifest.xml:29:19-84
intent-filter#action:name:android.intent.action.VIEW+category:name:android.intent.category.BROWSABLE+category:name:android.intent.category.DEFAULT+data:scheme:${applicationId}.success
ADDED from [com.payu.custombrowser:payu-custom-browser:7.3.0] AndroidManifest.xml:30:13-37:29
intent-filter#action:name:android.intent.action.VIEW+category:name:android.intent.category.BROWSABLE+category:name:android.intent.category.DEFAULT+data:scheme:com.rahulhooda.integrationsampleapp_payumoneypnp.success
ADDED from [com.payu.custombrowser:payu-custom-browser:7.3.0] AndroidManifest.xml:30:13-37:29
data
ADDED from [com.payu.custombrowser:payu-custom-browser:7.3.0] AndroidManifest.xml:31:17-67
	android:scheme
		ADDED from [com.payu.custombrowser:payu-custom-browser:7.3.0] AndroidManifest.xml:31:23-64
action#android.intent.action.VIEW
ADDED from [com.payu.custombrowser:payu-custom-browser:7.3.0] AndroidManifest.xml:33:17-69
	android:name
		ADDED from [com.payu.custombrowser:payu-custom-browser:7.3.0] AndroidManifest.xml:33:25-66
category#android.intent.category.DEFAULT
ADDED from [com.payu.custombrowser:payu-custom-browser:7.3.0] AndroidManifest.xml:35:17-76
	android:name
		ADDED from [com.payu.custombrowser:payu-custom-browser:7.3.0] AndroidManifest.xml:35:27-73
category#android.intent.category.BROWSABLE
ADDED from [com.payu.custombrowser:payu-custom-browser:7.3.0] AndroidManifest.xml:36:17-78
	android:name
		ADDED from [com.payu.custombrowser:payu-custom-browser:7.3.0] AndroidManifest.xml:36:27-75
intent-filter#action:name:android.intent.action.VIEW+category:name:android.intent.category.BROWSABLE+category:name:android.intent.category.DEFAULT+data:scheme:${applicationId}.failure
ADDED from [com.payu.custombrowser:payu-custom-browser:7.3.0] AndroidManifest.xml:38:13-45:29
intent-filter#action:name:android.intent.action.VIEW+category:name:android.intent.category.BROWSABLE+category:name:android.intent.category.DEFAULT+data:scheme:com.rahulhooda.integrationsampleapp_payumoneypnp.failure
ADDED from [com.payu.custombrowser:payu-custom-browser:7.3.0] AndroidManifest.xml:38:13-45:29
activity#com.payu.custombrowser.PrePaymentsActivity
ADDED from [com.payu.custombrowser:payu-custom-browser:7.3.0] AndroidManifest.xml:47:9-79
	android:name
		ADDED from [com.payu.custombrowser:payu-custom-browser:7.3.0] AndroidManifest.xml:47:19-76
activity#com.payu.magicretry.MainActivity
ADDED from [com.payu.magicretry:magicretry:1.0.6] AndroidManifest.xml:12:9-21:20
	android:name
		ADDED from [com.payu.magicretry:magicretry:1.0.6] AndroidManifest.xml:12:19-66
meta-data#android.support.VERSION
ADDED from [com.android.support:support-v4:26.1.0] AndroidManifest.xml:26:9-28:38
MERGED from [com.android.support:support-media-compat:26.1.0] AndroidManifest.xml:26:9-28:38
MERGED from [com.android.support:support-media-compat:26.1.0] AndroidManifest.xml:26:9-28:38
	android:value
		ADDED from [com.android.support:support-v4:26.1.0] AndroidManifest.xml:28:13-35
	android:name
		ADDED from [com.android.support:support-v4:26.1.0] AndroidManifest.xml:27:13-51
activity#com.google.android.gms.common.api.GoogleApiActivity
ADDED from [com.google.android.gms:play-services-base:16.0.1] AndroidManifest.xml:23:9-26:75
	android:exported
		ADDED from [com.google.android.gms:play-services-base:16.0.1] AndroidManifest.xml:25:13-37
	android:theme
		ADDED from [com.google.android.gms:play-services-base:16.0.1] AndroidManifest.xml:26:13-72
	android:name
		ADDED from [com.google.android.gms:play-services-base:16.0.1] AndroidManifest.xml:24:13-79
meta-data#com.google.android.gms.version
ADDED from [com.google.android.gms:play-services-basement:16.0.1] AndroidManifest.xml:23:9-25:69
	android:value
		ADDED from [com.google.android.gms:play-services-basement:16.0.1] AndroidManifest.xml:25:13-66
	android:name